This is e-upTeX, Version 3.141592653-p4.1.2-u2.00-250202-2.6 (utf8.sjis) (TeX Live 2025) (preloaded format=platex 2025.11.28)  8 JAN 2026 14:57
entering extended mode
 restricted \write18 enabled.
 %&-line parsing enabled.
**frontnote.tex
(./frontnote.tex
pLaTeX2e <2023-02-14>+1, based on
LaTeX2e <2025-11-01>
L3 programming layer <2025-11-14>

! LaTeX Error: Missing \begin{document}.

See the LaTeX manual or LaTeX Companion for explanation.
Type  H <return>  for immediate help.
 ...                                              
                                                  
l.5 \begin{center}
                  
? 
! Emergency stop.
 ...                                              
                                                  
l.5 \begin{center}
                  
You're in trouble here.  Try typing  <return>  to proceed.
If that doesn't work, type  X <return>  to quit.

 
Here is how much of TeX's memory you used:
 16 strings out of 468182
 431 string characters out of 5438210
 426578 words of memory out of 5000000
 29023 multiletter control sequences out of 15000+600000
 631592 words of font info for 57 fonts, out of 8000000 for 9000
 929 hyphenation exceptions out of 8191
 19i,0n,23p,90b,24s stack positions out of 10000i,1000n,20000p,200000b,200000s
No pages of output.
