\BOOKMARK [0][-]{chapter*.1}{Abstract}{}% 1
\BOOKMARK [0][-]{chapter.1}{Introduction}{}% 2
\BOOKMARK [1][-]{section.1.1}{論文構成}{chapter.1}% 3
\BOOKMARK [0][-]{chapter.2}{Related Work}{}% 4
\BOOKMARK [1][-]{section.2.1}{2D LiDARを用いた人検出手法}{chapter.2}% 5
\BOOKMARK [1][-]{section.2.2}{3D LiDARを用いた人追従手法}{chapter.2}% 6
\BOOKMARK [1][-]{section.2.3}{単眼カメラを用いたオクルージョンを考慮した人追従手法}{chapter.2}% 7
\BOOKMARK [1][-]{section.2.4}{カメラとLiDARを用いたReID手法}{chapter.2}% 8
\BOOKMARK [1][-]{section.2.5}{PointPillars}{chapter.2}% 9
\BOOKMARK [1][-]{section.2.6}{ReID3D}{chapter.2}% 10
\BOOKMARK [1][-]{section.2.7}{従来研究における課題と本研究の位置づけ}{chapter.2}% 11
\BOOKMARK [0][-]{chapter.3}{Human-following System Using 3D LiDAR and ReID3D}{}% 12
\BOOKMARK [1][-]{section.3.1}{概要}{chapter.3}% 13
\BOOKMARK [1][-]{section.3.2}{システム構成}{chapter.3}% 14
\BOOKMARK [1][-]{section.3.3}{ソフトウェア構成}{chapter.3}% 15
\BOOKMARK [1][-]{section.3.4}{データセットの作成}{chapter.3}% 16
\BOOKMARK [2][-]{subsection.3.4.1}{データ収集}{section.3.4}% 17
\BOOKMARK [2][-]{subsection.3.4.2}{アノテーション}{section.3.4}% 18
\BOOKMARK [2][-]{subsection.3.4.3}{データ拡張}{section.3.4}% 19
\BOOKMARK [1][-]{section.3.5}{PointPillarsの学習}{chapter.3}% 20
\BOOKMARK [1][-]{section.3.6}{トラッキング}{chapter.3}% 21
\BOOKMARK [2][-]{subsection.3.6.1}{状態変数とモデルの定義}{section.3.6}% 22
\BOOKMARK [2][-]{subsection.3.6.2}{予測ステップ \(Predict\)}{section.3.6}% 23
\BOOKMARK [2][-]{subsection.3.6.3}{更新ステップ \(Update\)}{section.3.6}% 24
\BOOKMARK [2][-]{subsection.3.6.4}{実装上の特徴}{section.3.6}% 25
\BOOKMARK [0][-]{chapter.4}{Experiments}{}% 26
\BOOKMARK [1][-]{section.4.1}{実験目的}{chapter.4}% 27
\BOOKMARK [1][-]{section.4.2}{実験方法}{chapter.4}% 28
\BOOKMARK [2][-]{subsection.4.2.1}{歩行者検出性能に関する比較実験}{section.4.2}% 29
\BOOKMARK [2][-]{subsection.4.2.2}{追跡・再識別性能に関する比較実験}{section.4.2}% 30
\BOOKMARK [1][-]{section.4.3}{実験結果}{chapter.4}% 31
\BOOKMARK [2][-]{subsection.4.3.1}{歩行者検出性能に関する比較実験}{section.4.3}% 32
\BOOKMARK [2][-]{subsection.4.3.2}{追跡・再識別性能に関する比較実験}{section.4.3}% 33
\BOOKMARK [2][-]{subsection.4.3.3}{TPT-Benchデータセットにおける定量評価}{section.4.3}% 34
\BOOKMARK [1][-]{section.4.4}{考察}{chapter.4}% 35
\BOOKMARK [2][-]{subsection.4.4.1}{歩行者検出性能に関する比較実験}{section.4.4}% 36
\BOOKMARK [2][-]{subsection.4.4.2}{追跡・再識別性能に関する比較実験}{section.4.4}% 37
\BOOKMARK [0][-]{chapter.5}{Conclusion}{}% 38
\BOOKMARK [1][-]{section.5.1}{まとめ}{chapter.5}% 39
\BOOKMARK [1][-]{section.5.2}{今後の課題}{chapter.5}% 40
\BOOKMARK [0][-]{section.5.2}{References}{}% 41
\BOOKMARK [0][-]{chapter*.34}{Publications Related to This Thesis}{}% 42
